<?xml version="1.0" encoding="UTF-8"?>
<testsuite xmlns:xsi="http://www.w3.org/2001/XMLSchema-instance" xsi:noNamespaceSchemaLocation="https://maven.apache.org/surefire/maven-surefire-plugin/xsd/surefire-test-report-3.0.xsd" version="3.0" name="dev.douglas.runners.RunnerTest" time="0.159" tests="13" errors="0" skipped="0" failures="0">
  <properties>
[...]
</properties>
  <testcase name="Deve alugar um filme com sucesso" classname="Alugar Filme" time="0.013">
    <system-out><![CDATA[@unitários
Funcionalidade: Alugar Filme
	Como um usuário
	Eu quero cadastrar alugueis de filmes
	Para controlar preços e datas de entrega

  @unitários
  Cenario: Deve alugar um filme com sucesso &amp#27;[90m# src/test/resources/features/alugar_filme.feature:9&amp#27;[0m
    &amp#27;[32mDado &amp#27;[0m&amp#27;[32mum filme&amp#27;[0m                           &amp#27;[90m# AlugarFilmeSteps.umFilme(DataTable)&amp#27;[0m
    &amp#27;[32mQuando &amp#27;[0m&amp#27;[32malugar&amp#27;[0m                           &amp#27;[90m# AlugarFilmeSteps.alugar()&amp#27;[0m
    &amp#27;[32mEntão &amp#27;[0m&amp#27;[32mo preço do aluguel será R$ &amp#27;[0m&amp#27;[32m&amp#27;[1m3&amp#27;[0m      &amp#27;[90m# AlugarFilmeSteps.oPreçoDoAluguelSeráR$(int)&amp#27;[0m
    &amp#27;[32mE &amp#27;[0m&amp#27;[32ma data de entrega será em &amp#27;[0m&amp#27;[32m&amp#27;[1m1&amp#27;[0m&amp#27;[32m dia&amp#27;[0m       &amp#27;[90m# AlugarFilmeSteps.aDataDeEntregaSeráEmDias(int)&amp#27;[0m
    &amp#27;[32mE &amp#27;[0m&amp#27;[32mo estoque do filme será &amp#27;[0m&amp#27;[32m&amp#27;[1m1&amp#27;[0m&amp#27;[32m unidade&amp#27;[0m     &amp#27;[90m# AlugarFilmeSteps.oEstoqueDoFilmeSeráUnidade(int)&amp#27;[0m
]]></system-out>
  </testcase>
  <testcase name="Não deve alugar filme sem estoque" classname="Alugar Filme" time="0.003">
    <system-out><![CDATA[
  @unitários
  Cenario: Não deve alugar filme sem estoque     &amp#27;[90m# src/test/resources/features/alugar_filme.feature:19&amp#27;[0m
    &amp#27;[32mDado &amp#27;[0m&amp#27;[32mum filme com estoque de &amp#27;[0m&amp#27;[32m&amp#27;[1m0&amp#27;[0m&amp#27;[32m unidades&amp#27;[0m      &amp#27;[90m# AlugarFilmeSteps.umFilmeComEstoqueDeUnidades(int)&amp#27;[0m
    &amp#27;[32mQuando &amp#27;[0m&amp#27;[32malugar&amp#27;[0m                                &amp#27;[90m# AlugarFilmeSteps.alugar()&amp#27;[0m
    &amp#27;[32mEntão &amp#27;[0m&amp#27;[32mnão será possível por falta de estoque&amp#27;[0m &amp#27;[90m# AlugarFilmeSteps.nãoSeráPossívelPorFaltaDeEstoque()&amp#27;[0m
    &amp#27;[32mE &amp#27;[0m&amp#27;[32mo estoque do filme será &amp#27;[0m&amp#27;[32m&amp#27;[1m0&amp#27;[0m&amp#27;[32m unidade&amp#27;[0m          &amp#27;[90m# AlugarFilmeSteps.oEstoqueDoFilmeSeráUnidade(int)&amp#27;[0m
]]></system-out>
  </testcase>
  <testcase name="Deve dar condições conforme tipo de aluguel" classname="Alugar Filme" time="0.009">
    <system-out><![CDATA[
  Esquema do Cenário: Deve dar condições conforme tipo de aluguel &amp#27;[90m# src/test/resources/features/alugar_filme.feature:27&amp#27;[0m
    &amp#27;[36mDado um filme com estoque de 2 unidades&amp#27;[0m
    &amp#27;[36mE que o preço de aluguel seja R$ <preco>&amp#27;[0m
    &amp#27;[36mE que o tipo do aluguel seja <tipo>&amp#27;[0m
    &amp#27;[36mQuando alugar&amp#27;[0m
    &amp#27;[36mEntão o preço do aluguel será R$ <valor>&amp#27;[0m
    &amp#27;[36mE a data de entrega será em <qtdDias> dias&amp#27;[0m
    &amp#27;[36mE a pontuação recebida será de <pontuacao> pontos&amp#27;[0m

    Exemplos: 

  @unitários
  Esquema do Cenário: Deve dar condições conforme tipo de aluguel &amp#27;[90m# src/test/resources/features/alugar_filme.feature:39&amp#27;[0m
    &amp#27;[32mDado &amp#27;[0m&amp#27;[32mum filme com estoque de &amp#27;[0m&amp#27;[32m&amp#27;[1m2&amp#27;[0m&amp#27;[32m unidades&amp#27;[0m                       &amp#27;[90m# AlugarFilmeSteps.umFilmeComEstoqueDeUnidades(int)&amp#27;[0m
    &amp#27;[32mE &amp#27;[0m&amp#27;[32mque o preço de aluguel seja R$ &amp#27;[0m&amp#27;[32m&amp#27;[1m4&amp#27;[0m                            &amp#27;[90m# AlugarFilmeSteps.queOPreçoDeAluguelSejaR$(int)&amp#27;[0m
    &amp#27;[32mE &amp#27;[0m&amp#27;[32mque o tipo do aluguel seja &amp#27;[0m&amp#27;[32m&amp#27;[1mextendido&amp#27;[0m                        &amp#27;[90m# AlugarFilmeSteps.queOTipoDoAluguelSejaExtendido(String)&amp#27;[0m
    &amp#27;[32mQuando &amp#27;[0m&amp#27;[32malugar&amp#27;[0m                                                 &amp#27;[90m# AlugarFilmeSteps.alugar()&amp#27;[0m
    &amp#27;[32mEntão &amp#27;[0m&amp#27;[32mo preço do aluguel será R$ &amp#27;[0m&amp#27;[32m&amp#27;[1m8&amp#27;[0m                            &amp#27;[90m# AlugarFilmeSteps.oPreçoDoAluguelSeráR$(int)&amp#27;[0m
    &amp#27;[32mE &amp#27;[0m&amp#27;[32ma data de entrega será em &amp#27;[0m&amp#27;[32m&amp#27;[1m3&amp#27;[0m&amp#27;[32m dias&amp#27;[0m                            &amp#27;[90m# AlugarFilmeSteps.aDataDeEntregaSeráEmDias(int)&amp#27;[0m
    &amp#27;[32mE &amp#27;[0m&amp#27;[32ma pontuação recebida será de &amp#27;[0m&amp#27;[32m&amp#27;[1m2&amp#27;[0m&amp#27;[32m pontos&amp#27;[0m                       &amp#27;[90m# AlugarFilmeSteps.aPontuaçãoRecebidaSeráDePontos(int)&amp#27;[0m
]]></system-out>
  </testcase>
  <testcase name="Deve dar condições conforme tipo de aluguel" classname="Alugar Filme" time="0.005">
    <system-out><![CDATA[
  @unitários
  Esquema do Cenário: Deve dar condições conforme tipo de aluguel &amp#27;[90m# src/test/resources/features/alugar_filme.feature:40&amp#27;[0m
    &amp#27;[32mDado &amp#27;[0m&amp#27;[32mum filme com estoque de &amp#27;[0m&amp#27;[32m&amp#27;[1m2&amp#27;[0m&amp#27;[32m unidades&amp#27;[0m                       &amp#27;[90m# AlugarFilmeSteps.umFilmeComEstoqueDeUnidades(int)&amp#27;[0m
    &amp#27;[32mE &amp#27;[0m&amp#27;[32mque o preço de aluguel seja R$ &amp#27;[0m&amp#27;[32m&amp#27;[1m4&amp#27;[0m                            &amp#27;[90m# AlugarFilmeSteps.queOPreçoDeAluguelSejaR$(int)&amp#27;[0m
    &amp#27;[32mE &amp#27;[0m&amp#27;[32mque o tipo do aluguel seja &amp#27;[0m&amp#27;[32m&amp#27;[1mcomum&amp#27;[0m                            &amp#27;[90m# AlugarFilmeSteps.queOTipoDoAluguelSejaExtendido(String)&amp#27;[0m
    &amp#27;[32mQuando &amp#27;[0m&amp#27;[32malugar&amp#27;[0m                                                 &amp#27;[90m# AlugarFilmeSteps.alugar()&amp#27;[0m
    &amp#27;[32mEntão &amp#27;[0m&amp#27;[32mo preço do aluguel será R$ &amp#27;[0m&amp#27;[32m&amp#27;[1m4&amp#27;[0m                            &amp#27;[90m# AlugarFilmeSteps.oPreçoDoAluguelSeráR$(int)&amp#27;[0m
    &amp#27;[32mE &amp#27;[0m&amp#27;[32ma data de entrega será em &amp#27;[0m&amp#27;[32m&amp#27;[1m1&amp#27;[0m&amp#27;[32m dias&amp#27;[0m                            &amp#27;[90m# AlugarFilmeSteps.aDataDeEntregaSeráEmDias(int)&amp#27;[0m
    &amp#27;[32mE &amp#27;[0m&amp#27;[32ma pontuação recebida será de &amp#27;[0m&amp#27;[32m&amp#27;[1m1&amp#27;[0m&amp#27;[32m pontos&amp#27;[0m                       &amp#27;[90m# AlugarFilmeSteps.aPontuaçãoRecebidaSeráDePontos(int)&amp#27;[0m
]]></system-out>
  </testcase>
  <testcase name="Deve dar condições conforme tipo de aluguel" classname="Alugar Filme" time="0.004">
    <system-out><![CDATA[
  @unitários
  Esquema do Cenário: Deve dar condições conforme tipo de aluguel &amp#27;[90m# src/test/resources/features/alugar_filme.feature:41&amp#27;[0m
    &amp#27;[32mDado &amp#27;[0m&amp#27;[32mum filme com estoque de &amp#27;[0m&amp#27;[32m&amp#27;[1m2&amp#27;[0m&amp#27;[32m unidades&amp#27;[0m                       &amp#27;[90m# AlugarFilmeSteps.umFilmeComEstoqueDeUnidades(int)&amp#27;[0m
    &amp#27;[32mE &amp#27;[0m&amp#27;[32mque o preço de aluguel seja R$ &amp#27;[0m&amp#27;[32m&amp#27;[1m10&amp#27;[0m                           &amp#27;[90m# AlugarFilmeSteps.queOPreçoDeAluguelSejaR$(int)&amp#27;[0m
    &amp#27;[32mE &amp#27;[0m&amp#27;[32mque o tipo do aluguel seja &amp#27;[0m&amp#27;[32m&amp#27;[1mextendido&amp#27;[0m                        &amp#27;[90m# AlugarFilmeSteps.queOTipoDoAluguelSejaExtendido(String)&amp#27;[0m
    &amp#27;[32mQuando &amp#27;[0m&amp#27;[32malugar&amp#27;[0m                                                 &amp#27;[90m# AlugarFilmeSteps.alugar()&amp#27;[0m
    &amp#27;[32mEntão &amp#27;[0m&amp#27;[32mo preço do aluguel será R$ &amp#27;[0m&amp#27;[32m&amp#27;[1m20&amp#27;[0m                           &amp#27;[90m# AlugarFilmeSteps.oPreçoDoAluguelSeráR$(int)&amp#27;[0m
    &amp#27;[32mE &amp#27;[0m&amp#27;[32ma data de entrega será em &amp#27;[0m&amp#27;[32m&amp#27;[1m3&amp#27;[0m&amp#27;[32m dias&amp#27;[0m                            &amp#27;[90m# AlugarFilmeSteps.aDataDeEntregaSeráEmDias(int)&amp#27;[0m
    &amp#27;[32mE &amp#27;[0m&amp#27;[32ma pontuação recebida será de &amp#27;[0m&amp#27;[32m&amp#27;[1m2&amp#27;[0m&amp#27;[32m pontos&amp#27;[0m                       &amp#27;[90m# AlugarFilmeSteps.aPontuaçãoRecebidaSeráDePontos(int)&amp#27;[0m
]]></system-out>
  </testcase>
  <testcase name="Deve dar condições conforme tipo de aluguel" classname="Alugar Filme" time="0.005">
    <system-out><![CDATA[
  @unitários
  Esquema do Cenário: Deve dar condições conforme tipo de aluguel &amp#27;[90m# src/test/resources/features/alugar_filme.feature:42&amp#27;[0m
    &amp#27;[32mDado &amp#27;[0m&amp#27;[32mum filme com estoque de &amp#27;[0m&amp#27;[32m&amp#27;[1m2&amp#27;[0m&amp#27;[32m unidades&amp#27;[0m                       &amp#27;[90m# AlugarFilmeSteps.umFilmeComEstoqueDeUnidades(int)&amp#27;[0m
    &amp#27;[32mE &amp#27;[0m&amp#27;[32mque o preço de aluguel seja R$ &amp#27;[0m&amp#27;[32m&amp#27;[1m5&amp#27;[0m                            &amp#27;[90m# AlugarFilmeSteps.queOPreçoDeAluguelSejaR$(int)&amp#27;[0m
    &amp#27;[32mE &amp#27;[0m&amp#27;[32mque o tipo do aluguel seja &amp#27;[0m&amp#27;[32m&amp#27;[1msemanal&amp#27;[0m                          &amp#27;[90m# AlugarFilmeSteps.queOTipoDoAluguelSejaExtendido(String)&amp#27;[0m
    &amp#27;[32mQuando &amp#27;[0m&amp#27;[32malugar&amp#27;[0m                                                 &amp#27;[90m# AlugarFilmeSteps.alugar()&amp#27;[0m
    &amp#27;[32mEntão &amp#27;[0m&amp#27;[32mo preço do aluguel será R$ &amp#27;[0m&amp#27;[32m&amp#27;[1m15&amp#27;[0m                           &amp#27;[90m# AlugarFilmeSteps.oPreçoDoAluguelSeráR$(int)&amp#27;[0m
    &amp#27;[32mE &amp#27;[0m&amp#27;[32ma data de entrega será em &amp#27;[0m&amp#27;[32m&amp#27;[1m7&amp#27;[0m&amp#27;[32m dias&amp#27;[0m                            &amp#27;[90m# AlugarFilmeSteps.aDataDeEntregaSeráEmDias(int)&amp#27;[0m
    &amp#27;[32mE &amp#27;[0m&amp#27;[32ma pontuação recebida será de &amp#27;[0m&amp#27;[32m&amp#27;[1m3&amp#27;[0m&amp#27;[32m pontos&amp#27;[0m                       &amp#27;[90m# AlugarFilmeSteps.aPontuaçãoRecebidaSeráDePontos(int)&amp#27;[0m
]]></system-out>
  </testcase>
  <testcase name="Deve executar especificação" classname="Aprender Cucumber" time="0.007">
    <system-out><![CDATA[
@unitários
Funcionalidade: Aprender Cucumber
	Como um aluno
	Quero aprender a utilizar Cucumber
	Para que eu possa automatizar critérios de aceitação

  @unitários
  Cenario: Deve executar especificação               &amp#27;[90m# src/test/resources/features/aprender_cucumber.feature:9&amp#27;[0m
    &amp#27;[32mDado &amp#27;[0m&amp#27;[32mque criei o arquivo corretamente&amp#27;[0m            &amp#27;[90m# AprenderCucumberSteps.queCrieiOArquivoCorretamente()&amp#27;[0m
    &amp#27;[32mQuando &amp#27;[0m&amp#27;[32mexecutá-lo&amp#27;[0m                                &amp#27;[90m# AprenderCucumberSteps.executáLo()&amp#27;[0m
    &amp#27;[32mEntão &amp#27;[0m&amp#27;[32ma especificação deve finalizar com sucesso&amp#27;[0m &amp#27;[90m# AprenderCucumberSteps.aEspecificaçãoDeveFinalizarComSucesso()&amp#27;[0m
]]></system-out>
  </testcase>
  <testcase name="Deve incrementar contador" classname="Aprender Cucumber" time="0.003">
    <system-out><![CDATA[
  @unitários @esse
  Cenario: Deve incrementar contador  &amp#27;[90m# src/test/resources/features/aprender_cucumber.feature:15&amp#27;[0m
    &amp#27;[32mDado &amp#27;[0m&amp#27;[32mque o valor do contador é &amp#27;[0m&amp#27;[32m&amp#27;[1m15&amp#27;[0m &amp#27;[90m# AprenderCucumberSteps.queOValorDoContadorÉ(int)&amp#27;[0m
    &amp#27;[32mQuando &amp#27;[0m&amp#27;[32meu incrementar em &amp#27;[0m&amp#27;[32m&amp#27;[1m3&amp#27;[0m        &amp#27;[90m# AprenderCucumberSteps.euIncrementarEm(int)&amp#27;[0m
    &amp#27;[32mEntão &amp#27;[0m&amp#27;[32mo valor do contador será &amp#27;[0m&amp#27;[32m&amp#27;[1m18&amp#27;[0m &amp#27;[90m# AprenderCucumberSteps.oValorDoContadorSerá(int)&amp#27;[0m
]]></system-out>
  </testcase>
  <testcase name="Deve incrementar contador" classname="Aprender Cucumber" time="0.002">
    <system-out><![CDATA[
  @unitários @tipo1
  Cenario: Deve incrementar contador   &amp#27;[90m# src/test/resources/features/aprender_cucumber.feature:21&amp#27;[0m
    &amp#27;[32mDado &amp#27;[0m&amp#27;[32mque o valor do contador é &amp#27;[0m&amp#27;[32m&amp#27;[1m123&amp#27;[0m &amp#27;[90m# AprenderCucumberSteps.queOValorDoContadorÉ(int)&amp#27;[0m
    &amp#27;[32mQuando &amp#27;[0m&amp#27;[32meu incrementar em &amp#27;[0m&amp#27;[32m&amp#27;[1m35&amp#27;[0m        &amp#27;[90m# AprenderCucumberSteps.euIncrementarEm(int)&amp#27;[0m
    &amp#27;[32mEntão &amp#27;[0m&amp#27;[32mo valor do contador será &amp#27;[0m&amp#27;[32m&amp#27;[1m158&amp#27;[0m &amp#27;[90m# AprenderCucumberSteps.oValorDoContadorSerá(int)&amp#27;[0m
]]></system-out>
  </testcase>
  <testcase name="Deve calcular atraso na entrega" classname="Aprender Cucumber" time="0.011">
    <system-out><![CDATA[
  @unitários @tipo2
  Cenario: Deve calcular atraso na entrega      &amp#27;[90m# src/test/resources/features/aprender_cucumber.feature:27&amp#27;[0m
Thu Apr 05 00:00:00 BRT 2018
    &amp#27;[32mDado &amp#27;[0m&amp#27;[32mque a entrega é dia &amp#27;[0m&amp#27;[32m&amp#27;[1m05/04/2018&amp#27;[0m         &amp#27;[90m# AprenderCucumberSteps.queAEntregaÉDia(Date)&amp#27;[0m
    &amp#27;[32mQuando &amp#27;[0m&amp#27;[32ma entrega atrasar em &amp#27;[0m&amp#27;[32m&amp#27;[1m2&amp#27;[0m&amp#27;[32m &amp#27;[0m&amp#27;[32m&amp#27;[1mdias&amp#27;[0m          &amp#27;[90m# AprenderCucumberSteps.aEntregaAtrasarEmDias(int,String)&amp#27;[0m
    &amp#27;[32mEntão &amp#27;[0m&amp#27;[32ma entrega será efetuada em &amp#27;[0m&amp#27;[32m&amp#27;[1m07/04/2018&amp#27;[0m &amp#27;[90m# AprenderCucumberSteps.aEntregaSeráEfetuadaEm(String)&amp#27;[0m
]]></system-out>
  </testcase>
  <testcase name="Deve calcular atraso no prazo de entrega da China" classname="Aprender Cucumber" time="0.002">
    <system-out><![CDATA[
  @unitários @tipo1 @tipo2
  Cenario: Deve calcular atraso no prazo de entrega da China &amp#27;[90m# src/test/resources/features/aprender_cucumber.feature:33&amp#27;[0m
Thu Apr 05 00:00:00 BRT 2018
    &amp#27;[32mDado &amp#27;[0m&amp#27;[32mque a entrega é dia &amp#27;[0m&amp#27;[32m&amp#27;[1m05/04/2018&amp#27;[0m                      &amp#27;[90m# AprenderCucumberSteps.queAEntregaÉDia(Date)&amp#27;[0m
    &amp#27;[32mQuando &amp#27;[0m&amp#27;[32ma entrega atrasar em &amp#27;[0m&amp#27;[32m&amp#27;[1m2&amp#27;[0m&amp#27;[32m &amp#27;[0m&amp#27;[32m&amp#27;[1mmeses&amp#27;[0m                      &amp#27;[90m# AprenderCucumberSteps.aEntregaAtrasarEmDias(int,String)&amp#27;[0m
    &amp#27;[32mEntão &amp#27;[0m&amp#27;[32ma entrega será efetuada em &amp#27;[0m&amp#27;[32m&amp#27;[1m05/06/2018&amp#27;[0m              &amp#27;[90m# AprenderCucumberSteps.aEntregaSeráEfetuadaEm(String)&amp#27;[0m
]]></system-out>
  </testcase>
  <testcase name="Deve criar steps genéricos para estes passos" classname="Aprender Cucumber" time="0.005">
    <system-out><![CDATA[
  @unitários
  Cenário: Deve criar steps genéricos para estes passos &amp#27;[90m# src/test/resources/features/aprender_cucumber.feature:40&amp#27;[0m
    &amp#27;[32mDado &amp#27;[0m&amp#27;[32mque o ticket é &amp#27;[0m&amp#27;[32m&amp#27;[1mAF345&amp#27;[0m                           &amp#27;[90m# AprenderCucumberSteps.queOTicketÉAF(String,String)&amp#27;[0m
23045.0
    &amp#27;[32mDado &amp#27;[0m&amp#27;[32mque o valor da passagem é R$ &amp#27;[0m&amp#27;[32m&amp#27;[1m230,45&amp#27;[0m            &amp#27;[90m# AprenderCucumberSteps.queOValorDaPassagemÉR$(Double)&amp#27;[0m
    &amp#27;[32mDado &amp#27;[0m&amp#27;[32mque o nome do passageiro é "&amp#27;[0m&amp#27;[32m&amp#27;[1mFulano da Silva&amp#27;[0m&amp#27;[32m"&amp#27;[0m   &amp#27;[90m# AprenderCucumberSteps.queONomeDoPassageiroÉ(String)&amp#27;[0m
    &amp#27;[32mDado &amp#27;[0m&amp#27;[32mque o telefone do passageiro é &amp#27;[0m&amp#27;[32m&amp#27;[1m9999-9999&amp#27;[0m       &amp#27;[90m# AprenderCucumberSteps.queOTelefoneDoPassageiroÉ(String)&amp#27;[0m
    &amp#27;[32mQuando &amp#27;[0m&amp#27;[32mcriar os steps&amp#27;[0m                               &amp#27;[90m# AprenderCucumberSteps.criarOsSteps()&amp#27;[0m
    &amp#27;[32mEntão &amp#27;[0m&amp#27;[32mo teste vai funcionar&amp#27;[0m                         &amp#27;[90m# AprenderCucumberSteps.oTesteVaiFuncionar()&amp#27;[0m
]]></system-out>
  </testcase>
  <testcase name="Deve reaproveitar os steps &quot;Dado&quot; do cenário anterior" classname="Aprender Cucumber" time="0.003">
    <system-out><![CDATA[
  @unitários
  Cenário: Deve reaproveitar os steps "Dado" do cenário anterior &amp#27;[90m# src/test/resources/features/aprender_cucumber.feature:48&amp#27;[0m
    &amp#27;[32mDado &amp#27;[0m&amp#27;[32mque o ticket é &amp#27;[0m&amp#27;[32m&amp#27;[1mAB167&amp#27;[0m                                    &amp#27;[90m# AprenderCucumberSteps.queOTicketÉAF(String,String)&amp#27;[0m
    &amp#27;[32mDado &amp#27;[0m&amp#27;[32mque o ticket&amp#27;[0m&amp#27;[32m&amp#27;[1m especial&amp#27;[0m&amp#27;[32m é &amp#27;[0m&amp#27;[32m&amp#27;[1mAB167&amp#27;[0m                           &amp#27;[90m# AprenderCucumberSteps.queOTicketÉAF(String,String)&amp#27;[0m
112023.0
    &amp#27;[32mDado &amp#27;[0m&amp#27;[32mque o valor da passagem é R$ &amp#27;[0m&amp#27;[32m&amp#27;[1m1120,23&amp#27;[0m                    &amp#27;[90m# AprenderCucumberSteps.queOValorDaPassagemÉR$(Double)&amp#27;[0m
    &amp#27;[32mDado &amp#27;[0m&amp#27;[32mque o nome do passageiro é "&amp#27;[0m&amp#27;[32m&amp#27;[1mCicrano de Oliveira&amp#27;[0m&amp#27;[32m"&amp#27;[0m        &amp#27;[90m# AprenderCucumberSteps.queONomeDoPassageiroÉ(String)&amp#27;[0m
    &amp#27;[32mDado &amp#27;[0m&amp#27;[32mque o telefone do passageiro é &amp#27;[0m&amp#27;[32m&amp#27;[1m9888-8888&amp#27;[0m                &amp#27;[90m# AprenderCucumberSteps.queOTelefoneDoPassageiroÉ(String)&amp#27;[0m
]]></system-out>
  </testcase>
</testsuite>