<?xml version="1.0" encoding="UTF-8"?>
<testsuite xmlns:xsi="http://www.w3.org/2001/XMLSchema-instance" xsi:noNamespaceSchemaLocation="https://maven.apache.org/surefire/maven-surefire-plugin/xsd/surefire-test-report-3.0.xsd" version="3.0" name="dev.douglas.runners.RunnerFuncionalTest" time="12.59" tests="3" errors="0" skipped="0" failures="0">
  <properties>
[...]
</properties>
  <testcase name="Deve validar regras cadastro contas" classname="Cadastro de contas" time="3.299">
    <system-out><![CDATA[@funcionais
Funcionalidade: Cadastro de contas
	Como um usuário 
	Gostaria de cadastrar contas
	Para que eu possa distribuir meu dinheiro de uma forma mais organizada

  Esquema do Cenário: Deve validar regras cadastro contas &amp#27;[90m# src/test/resources/features/inserir_conta.feature:18&amp#27;[0m
    &amp#27;[36mQuando informo a conta "<conta>"&amp#27;[0m
    &amp#27;[36mE seleciono Salvar&amp#27;[0m
    &amp#27;[36mEntão recebo a mensagem "<mensagem>"&amp#27;[0m

    Exemplos: 

  Contexto:                                           &amp#27;[90m# src/test/resources/features/inserir_conta.feature:9&amp#27;[0m
    &amp#27;[32mDado &amp#27;[0m&amp#27;[32mque estou acessando a aplicação&amp#27;[0m              &amp#27;[90m# InserirContasSteps.queEstouAcessandoAAplicação()&amp#27;[0m
    &amp#27;[32mQuando &amp#27;[0m&amp#27;[32minformo o usuário "&amp#27;[0m&amp#27;[32m&amp#27;[1mdouglassanti@gmail.com&amp#27;[0m&amp#27;[32m"&amp#27;[0m &amp#27;[90m# InserirContasSteps.informoOUsuário(String)&amp#27;[0m
    &amp#27;[32mE &amp#27;[0m&amp#27;[32ma senha "&amp#27;[0m&amp#27;[32m&amp#27;[1m123456&amp#27;[0m&amp#27;[32m"&amp#27;[0m                                &amp#27;[90m# InserirContasSteps.aSenha(String)&amp#27;[0m
    &amp#27;[32mE &amp#27;[0m&amp#27;[32mseleciono entrar&amp#27;[0m                                &amp#27;[90m# InserirContasSteps.selecionoEntrar()&amp#27;[0m
    &amp#27;[32mEntão &amp#27;[0m&amp#27;[32mvisualizo a página inicial&amp#27;[0m                  &amp#27;[90m# InserirContasSteps.visualizoAPáginaInicial()&amp#27;[0m
    &amp#27;[32mQuando &amp#27;[0m&amp#27;[32mseleciono Contas&amp#27;[0m                           &amp#27;[90m# InserirContasSteps.selecionoContas()&amp#27;[0m
    &amp#27;[32mE &amp#27;[0m&amp#27;[32mseleciono Adicionar&amp#27;[0m                             &amp#27;[90m# InserirContasSteps.selecionoAdicionar()&amp#27;[0m

  @funcionais
  Esquema do Cenário: Deve validar regras cadastro contas   &amp#27;[90m# src/test/resources/features/inserir_conta.feature:25&amp#27;[0m
    &amp#27;[32mQuando &amp#27;[0m&amp#27;[32minformo a conta "&amp#27;[0m&amp#27;[32m&amp#27;[1mConta de Teste&amp#27;[0m&amp#27;[32m"&amp#27;[0m                 &amp#27;[90m# InserirContasSteps.informoAConta(String)&amp#27;[0m
    &amp#27;[32mE &amp#27;[0m&amp#27;[32mseleciono Salvar&amp#27;[0m                                      &amp#27;[90m# InserirContasSteps.selecionoSalvar()&amp#27;[0m
    &amp#27;[32mEntão &amp#27;[0m&amp#27;[32mrecebo a mensagem "&amp#27;[0m&amp#27;[32m&amp#27;[1mConta adicionada com sucesso!&amp#27;[0m&amp#27;[32m"&amp#27;[0m &amp#27;[90m# InserirContasSteps.receboAMensagem(String)&amp#27;[0m
A sintaxe do nome do arquivo, do nome do diretório ou do rótulo do volume está incorreta
]]></system-out>
    <system-err><![CDATA[Starting ChromeDriver 111.0.5563.64 (c710e93d5b63b7095afe8c2c17df34408078439d-refs/branch-heads/5563@{#995}) on port 31560
Only local connections are allowed.
Please see https://chromedriver.chromium.org/security-considerations for suggestions on keeping ChromeDriver safe.
ChromeDriver was started successfully.
[1682166712.510][WARNING]: This version of ChromeDriver has not been tested with Chrome version 112.
abr 22, 2023 9:31:52 AM org.openqa.selenium.remote.ProtocolHandshake createSession
INFO: Detected dialect: W3C
Starting ChromeDriver 111.0.5563.64 (c710e93d5b63b7095afe8c2c17df34408078439d-refs/branch-heads/5563@{#995}) on port 16703
Only local connections are allowed.
Please see https://chromedriver.chromium.org/security-considerations for suggestions on keeping ChromeDriver safe.
ChromeDriver was started successfully.
[1682166715.148][WARNING]: This version of ChromeDriver has not been tested with Chrome version 112.
abr 22, 2023 9:31:55 AM org.openqa.selenium.remote.ProtocolHandshake createSession
INFO: Detected dialect: W3C
]]></system-err>
  </testcase>
  <testcase name="Deve validar regras cadastro contas" classname="Cadastro de contas" time="3.014">
    <system-out><![CDATA[
  Contexto:                                           &amp#27;[90m# src/test/resources/features/inserir_conta.feature:9&amp#27;[0m
    &amp#27;[32mDado &amp#27;[0m&amp#27;[32mque estou acessando a aplicação&amp#27;[0m              &amp#27;[90m# InserirContasSteps.queEstouAcessandoAAplicação()&amp#27;[0m
    &amp#27;[32mQuando &amp#27;[0m&amp#27;[32minformo o usuário "&amp#27;[0m&amp#27;[32m&amp#27;[1mdouglassanti@gmail.com&amp#27;[0m&amp#27;[32m"&amp#27;[0m &amp#27;[90m# InserirContasSteps.informoOUsuário(String)&amp#27;[0m
    &amp#27;[32mE &amp#27;[0m&amp#27;[32ma senha "&amp#27;[0m&amp#27;[32m&amp#27;[1m123456&amp#27;[0m&amp#27;[32m"&amp#27;[0m                                &amp#27;[90m# InserirContasSteps.aSenha(String)&amp#27;[0m
    &amp#27;[32mE &amp#27;[0m&amp#27;[32mseleciono entrar&amp#27;[0m                                &amp#27;[90m# InserirContasSteps.selecionoEntrar()&amp#27;[0m
    &amp#27;[32mEntão &amp#27;[0m&amp#27;[32mvisualizo a página inicial&amp#27;[0m                  &amp#27;[90m# InserirContasSteps.visualizoAPáginaInicial()&amp#27;[0m
    &amp#27;[32mQuando &amp#27;[0m&amp#27;[32mseleciono Contas&amp#27;[0m                           &amp#27;[90m# InserirContasSteps.selecionoContas()&amp#27;[0m
    &amp#27;[32mE &amp#27;[0m&amp#27;[32mseleciono Adicionar&amp#27;[0m                             &amp#27;[90m# InserirContasSteps.selecionoAdicionar()&amp#27;[0m

  @funcionais
  Esquema do Cenário: Deve validar regras cadastro contas &amp#27;[90m# src/test/resources/features/inserir_conta.feature:26&amp#27;[0m
    &amp#27;[32mQuando &amp#27;[0m&amp#27;[32minformo a conta "&amp#27;[0m&amp#27;[32m&amp#27;[1m&amp#27;[0m&amp#27;[32m"&amp#27;[0m                             &amp#27;[90m# InserirContasSteps.informoAConta(String)&amp#27;[0m
    &amp#27;[32mE &amp#27;[0m&amp#27;[32mseleciono Salvar&amp#27;[0m                                    &amp#27;[90m# InserirContasSteps.selecionoSalvar()&amp#27;[0m
    &amp#27;[32mEntão &amp#27;[0m&amp#27;[32mrecebo a mensagem "&amp#27;[0m&amp#27;[32m&amp#27;[1mInforme o nome da conta&amp#27;[0m&amp#27;[32m"&amp#27;[0m     &amp#27;[90m# InserirContasSteps.receboAMensagem(String)&amp#27;[0m
A sintaxe do nome do arquivo, do nome do diretório ou do rótulo do volume está incorreta
]]></system-out>
    <system-err><![CDATA[Starting ChromeDriver 111.0.5563.64 (c710e93d5b63b7095afe8c2c17df34408078439d-refs/branch-heads/5563@{#995}) on port 19303
Only local connections are allowed.
Please see https://chromedriver.chromium.org/security-considerations for suggestions on keeping ChromeDriver safe.
ChromeDriver was started successfully.
[1682166718.436][WARNING]: This version of ChromeDriver has not been tested with Chrome version 112.
abr 22, 2023 9:31:58 AM org.openqa.selenium.remote.ProtocolHandshake createSession
INFO: Detected dialect: W3C
]]></system-err>
  </testcase>
  <testcase name="Deve validar regras cadastro contas" classname="Cadastro de contas" time="3.011">
    <system-out><![CDATA[
  Contexto:                                           &amp#27;[90m# src/test/resources/features/inserir_conta.feature:9&amp#27;[0m
    &amp#27;[32mDado &amp#27;[0m&amp#27;[32mque estou acessando a aplicação&amp#27;[0m              &amp#27;[90m# InserirContasSteps.queEstouAcessandoAAplicação()&amp#27;[0m
    &amp#27;[32mQuando &amp#27;[0m&amp#27;[32minformo o usuário "&amp#27;[0m&amp#27;[32m&amp#27;[1mdouglassanti@gmail.com&amp#27;[0m&amp#27;[32m"&amp#27;[0m &amp#27;[90m# InserirContasSteps.informoOUsuário(String)&amp#27;[0m
    &amp#27;[32mE &amp#27;[0m&amp#27;[32ma senha "&amp#27;[0m&amp#27;[32m&amp#27;[1m123456&amp#27;[0m&amp#27;[32m"&amp#27;[0m                                &amp#27;[90m# InserirContasSteps.aSenha(String)&amp#27;[0m
    &amp#27;[32mE &amp#27;[0m&amp#27;[32mseleciono entrar&amp#27;[0m                                &amp#27;[90m# InserirContasSteps.selecionoEntrar()&amp#27;[0m
    &amp#27;[32mEntão &amp#27;[0m&amp#27;[32mvisualizo a página inicial&amp#27;[0m                  &amp#27;[90m# InserirContasSteps.visualizoAPáginaInicial()&amp#27;[0m
    &amp#27;[32mQuando &amp#27;[0m&amp#27;[32mseleciono Contas&amp#27;[0m                           &amp#27;[90m# InserirContasSteps.selecionoContas()&amp#27;[0m
    &amp#27;[32mE &amp#27;[0m&amp#27;[32mseleciono Adicionar&amp#27;[0m                             &amp#27;[90m# InserirContasSteps.selecionoAdicionar()&amp#27;[0m

  @funcionais
  Esquema do Cenário: Deve validar regras cadastro contas        &amp#27;[90m# src/test/resources/features/inserir_conta.feature:27&amp#27;[0m
    &amp#27;[32mQuando &amp#27;[0m&amp#27;[32minformo a conta "&amp#27;[0m&amp#27;[32m&amp#27;[1mConta mesmo nome&amp#27;[0m&amp#27;[32m"&amp#27;[0m                    &amp#27;[90m# InserirContasSteps.informoAConta(String)&amp#27;[0m
    &amp#27;[32mE &amp#27;[0m&amp#27;[32mseleciono Salvar&amp#27;[0m                                           &amp#27;[90m# InserirContasSteps.selecionoSalvar()&amp#27;[0m
    &amp#27;[32mEntão &amp#27;[0m&amp#27;[32mrecebo a mensagem "&amp#27;[0m&amp#27;[32m&amp#27;[1mJá existe uma conta com esse nome!&amp#27;[0m&amp#27;[32m"&amp#27;[0m &amp#27;[90m# InserirContasSteps.receboAMensagem(String)&amp#27;[0m
A sintaxe do nome do arquivo, do nome do diretório ou do rótulo do volume está incorreta
]]></system-out>
    <system-err><![CDATA[Starting ChromeDriver 111.0.5563.64 (c710e93d5b63b7095afe8c2c17df34408078439d-refs/branch-heads/5563@{#995}) on port 61734
Only local connections are allowed.
Please see https://chromedriver.chromium.org/security-considerations for suggestions on keeping ChromeDriver safe.
ChromeDriver was started successfully.
[1682166721.453][WARNING]: This version of ChromeDriver has not been tested with Chrome version 112.
abr 22, 2023 9:32:01 AM org.openqa.selenium.remote.ProtocolHandshake createSession
INFO: Detected dialect: W3C
]]></system-err>
  </testcase>
</testsuite>